------------------------------------------------------------------------------
                      SDDP.jl (c) Oscar Dowson, 2017-21

Problem
  Nodes           : 3
  State variables : 1
  Scenarios       : Inf
  Existing cuts   : false
  Subproblem structure                      : (min, max)
    Variables                               : (6, 6)
    VariableRef in MOI.LessThan{Float64}    : (1, 1)
    VariableRef in MOI.GreaterThan{Float64} : (5, 5)
    AffExpr in MOI.EqualTo{Float64}         : (2, 2)
Options
  Solver          : serial mode
  Risk measure    : SDDP.Expectation()
  Sampling scheme : SDDP.InSampleMonteCarlo

Numerical stability report
  Non-zero Matrix range     [1e+00, 1e+00]
  Non-zero Objective range  [1e+00, 3e+00]
  Non-zero Bounds range     [5e+00, 2e+01]
  Non-zero RHS range        [2e+00, 1e+01]
No problems detected

 Iteration    Simulation       Bound         Time (s)    Proc. ID   # Solves
        1    1.320000e+02   4.853407e+01   7.044000e+00          1        159
        2    9.720770e+01   6.523116e+01   7.125000e+00          1        222
        3    8.000000e+00   7.252587e+01   7.129000e+00          1        249
        4    1.634717e+02   1.079249e+02   7.146000e+00          1        420
        5    1.610000e+02   1.225757e+02   7.158000e+00          1        543
        6    4.434056e+01   1.278888e+02   7.162000e+00          1        582
        7    3.046800e+02   1.534287e+02   7.185000e+00          1        825
        8    1.148565e+02   1.596646e+02   7.198000e+00          1        936
        9    4.894735e+01   1.616809e+02   7.228000e+00          1        975
       10    3.150572e+01   1.652678e+02   7.233000e+00          1       1014
       11    1.027805e+02   1.724755e+02   7.243000e+00          1       1113
       12    7.403428e+02   1.905791e+02   7.307000e+00          1       1764
       13    1.848982e+02   1.981362e+02   7.332000e+00          1       1995
       14    7.142286e+01   2.002312e+02   7.342000e+00          1       2094
       15    8.761226e+01   2.017994e+02   7.346000e+00          1       2145
       16    2.072349e+02   2.075342e+02   7.362000e+00          1       2340
       17    1.595102e+02   2.122496e+02   7.380000e+00          1       2583
       18    7.861393e+02   2.185394e+02   7.444000e+00          1       3402
       19    1.479163e+02   2.199716e+02   7.455000e+00          1       3537
       20    3.352398e+02   2.222168e+02   7.479000e+00          1       3816
       21    4.418028e+02   2.252144e+02   7.517000e+00          1       4299
       22    3.300558e+01   2.257207e+02   7.520000e+00          1       4326
       23    1.500000e+01   2.260858e+02   7.525000e+00          1       4377
       24    4.255236e+01   2.261391e+02   7.530000e+00          1       4416
       25    3.310113e+02   2.269474e+02   7.557000e+00          1       4743
       26    5.548698e+02   2.284985e+02   7.596000e+00          1       5202
       27    7.884958e+01   2.290581e+02   7.606000e+00          1       5313
       28    3.667964e+02   2.302547e+02   7.647000e+00          1       5784
       29    7.967899e+01   2.306530e+02   7.654000e+00          1       5871
       30    2.949823e+02   2.312861e+02   7.674000e+00          1       6102
       31    2.200705e+02   2.315942e+02   7.692000e+00          1       6297
       32    2.518522e+02   2.319150e+02   7.713000e+00          1       6516
       33    1.530463e+02   2.324791e+02   7.728000e+00          1       6687
       34    1.021306e+02   2.326736e+02   7.736000e+00          1       6774
       35    1.170506e+02   2.328680e+02   7.753000e+00          1       6945
       36    4.243642e+02   2.333479e+02   7.786000e+00          1       7344
       37    1.217729e+02   2.335707e+02   7.805000e+00          1       7503
       38    5.161116e+02   2.340501e+02   7.851000e+00          1       7998
       39    6.608549e+01   2.342502e+02   7.863000e+00          1       8121
       40    2.420806e+01   2.342708e+02   7.868000e+00          1       8160
       41    4.963195e+01   2.343628e+02   7.873000e+00          1       8211
       42    4.000995e+01   2.343628e+02   7.879000e+00          1       8262
       43    1.953252e+02   2.345417e+02   7.898000e+00          1       8469
       44    5.431369e+01   2.345584e+02   7.904000e+00          1       8508
       45    2.788810e+02   2.346613e+02   7.923000e+00          1       8703
       46    1.362065e+02   2.347907e+02   7.936000e+00          1       8826
       47    1.870182e+02   2.348847e+02   7.956000e+00          1       9033
       48    5.832724e+02   2.352112e+02   8.004000e+00          1       9552
       49    1.750000e+01   2.352195e+02   8.008000e+00          1       9567
       50    5.972421e+02   2.353640e+02   8.063000e+00          1      10122
       51    2.403910e+02   2.354922e+02   8.086000e+00          1      10353
       52    1.323479e+02   2.355298e+02   8.102000e+00          1      10500
       53    4.170174e+01   2.355363e+02   8.108000e+00          1      10551
       54    2.736518e+02   2.356330e+02   8.139000e+00          1      10806
       55    6.895326e+01   2.356455e+02   8.150000e+00          1      10893
       56    1.294946e+01   2.356640e+02   8.153000e+00          1      10908
       57    2.033776e+02   2.356802e+02   8.171000e+00          1      11067
       58    1.875000e+02   2.357449e+02   8.194000e+00          1      11274
       59    5.283225e+01   2.357567e+02   8.205000e+00          1      11373
       60    7.247206e+02   2.358977e+02   8.285000e+00          1      12120
       61    8.404189e+02   2.360382e+02   8.392000e+00          1      13059
       62    8.375879e+01   2.360572e+02   8.423000e+00          1      13122
       63    4.167514e+01   2.360622e+02   8.434000e+00          1      13197
       64    6.610361e+00   2.360788e+02   8.438000e+00          1      13224
       65    1.454577e+02   2.360882e+02   8.464000e+00          1      13443
       66    1.745295e+02   2.361331e+02   8.490000e+00          1      13674
       67    3.142545e+02   2.361527e+02   8.534000e+00          1      14001
       68    1.135813e+02   2.361735e+02   8.552000e+00          1      14148
       69    1.776284e+02   2.361797e+02   8.572000e+00          1      14307
       70    1.705276e+02   2.361871e+02   8.582000e+00          1      14394
       71    1.259321e+02   2.362023e+02   8.598000e+00          1      14505
       72    8.604673e+01   2.362060e+02   8.611000e+00          1      14580
       73    3.112797e+02   2.362125e+02   8.648000e+00          1      14859
       74    5.064781e+02   2.362488e+02   8.710000e+00          1      15366
       75    6.762894e+01   2.362618e+02   8.724000e+00          1      15441
       76    8.944096e+01   2.362647e+02   8.737000e+00          1      15528
       77    6.331888e+02   2.362932e+02   8.839000e+00          1      16275
       78    2.273985e+02   2.363040e+02   8.875000e+00          1      16506
       79    1.900574e+02   2.363071e+02   8.902000e+00          1      16689
       80    2.247253e+01   2.363141e+02   8.907000e+00          1      16716
       81    8.099761e+01   2.363172e+02   8.924000e+00          1      16851
       82    5.000000e-01   2.363179e+02   8.928000e+00          1      16866
       83    3.300997e+02   2.363243e+02   8.998000e+00          1      17229
       84    2.500000e+00   2.363244e+02   9.001000e+00          1      17244
       85    6.957896e+01   2.363294e+02   9.013000e+00          1      17319
       86    7.245305e+02   2.363385e+02   9.139000e+00          1      18090
       87    2.746122e+02   2.363390e+02   9.204000e+00          1      18381
       88    3.645005e+02   2.363490e+02   9.319000e+00          1      18864
       89    4.319903e+02   2.363503e+02   9.402000e+00          1      19227
       90    7.852219e+01   2.363559e+02   9.419000e+00          1      19302
       91    1.954923e+02   2.363619e+02   9.471000e+00          1      19521
       92    3.575283e+02   2.363651e+02   9.537000e+00          1      19896
       93    5.652996e+02   2.363777e+02   9.658000e+00          1      20487
       94    9.610803e+01   2.363793e+02   9.682000e+00          1      20574
       95    9.885202e+02   2.363935e+02   9.877000e+00          1      21633
       96    5.728737e+02   2.363965e+02   1.000600e+01          1      22212
       97    6.547357e+01   2.363988e+02   1.003400e+01          1      22311
       98    1.305082e+02   2.363991e+02   1.006700e+01          1      22446
       99    1.400917e+02   2.363992e+02   1.009700e+01          1      22581
      100    5.294933e+02   2.364036e+02   1.021200e+01          1      23076

Terminating training
  Status         : iteration_limit
  Total time (s) : 1.021200e+01
  Total solves   : 23076
  Best bound     :  2.364036e+02
  Simulation CI  :  2.256976e+02 ± 4.233774e+01
------------------------------------------------------------------------------
------------------------------------------------------------------------------
                      SDDP.jl (c) Oscar Dowson, 2017-21

Problem
  Nodes           : 3
  State variables : 1
  Scenarios       : Inf
  Existing cuts   : false
  Subproblem structure                      : (min, max)
    Variables                               : (6, 6)
    VariableRef in MOI.LessThan{Float64}    : (1, 1)
    VariableRef in MOI.GreaterThan{Float64} : (5, 5)
    AffExpr in MOI.EqualTo{Float64}         : (2, 2)
Options
  Solver          : serial mode
  Risk measure    : SDDP.Expectation()
  Sampling scheme : SDDP.InSampleMonteCarlo

Numerical stability report
  Non-zero Matrix range     [1e+00, 1e+00]
  Non-zero Objective range  [1e+00, 3e+00]
  Non-zero Bounds range     [5e+00, 2e+01]
  Non-zero RHS range        [2e+00, 1e+01]
No problems detected

 Iteration    Simulation       Bound         Time (s)    Proc. ID   # Solves
        1    3.145000e+02   1.075469e+02   2.500010e-02          1        423
        2    1.262222e+02   1.261901e+02   3.400016e-02          1        558
        3    8.716207e+02   1.807941e+02   8.500004e-02          1       1353
        4    5.450000e+01   1.861301e+02   9.100008e-02          1       1428
        5    8.954495e+01   1.892916e+02   1.250000e-01          1       1551
        6    1.465000e+02   1.944476e+02   1.580000e-01          1       1734
        7    3.203148e+02   2.027582e+02   1.849999e-01          1       2109
        8    2.255497e+02   2.076590e+02   2.250001e-01          1       2328
        9    1.101543e+01   2.079154e+02   2.270000e-01          1       2355
       10    1.211303e+02   2.124734e+02   2.370000e-01          1       2490
       11    2.129952e+02   2.163786e+02   2.590001e-01          1       2805
       12    7.085656e+02   2.229073e+02   3.390000e-01          1       3456
       13    9.854249e+01   2.232209e+02   3.490000e-01          1       3555
       14    9.076933e+01   2.238731e+02   3.570001e-01          1       3642
       15    2.860304e+02   2.273785e+02   3.880000e-01          1       4029
       16    1.544721e+02   2.276283e+02   3.990002e-01          1       4164
       17    5.011102e+02   2.301903e+02   4.370000e-01          1       4659
       18    5.740926e+02   2.314405e+02   4.909999e-01          1       5322
       19    7.070872e+01   2.318233e+02   5.200000e-01          1       5421
       20    6.882091e+01   2.318397e+02   5.250001e-01          1       5484
       21    4.805419e+01   2.319258e+02   5.300000e-01          1       5535
       22    1.076284e+02   2.319511e+02   5.380001e-01          1       5634
       23    2.447677e+02   2.326417e+02   5.560000e-01          1       5853
       24    2.599445e+02   2.328215e+02   5.800002e-01          1       6132
       25    2.341095e+01   2.329957e+02   5.829999e-01          1       6159
       26    6.769923e+01   2.329957e+02   5.900002e-01          1       6234
       27    8.428569e+01   2.332825e+02   6.040001e-01          1       6393
       28    3.314761e+02   2.336791e+02   6.460001e-01          1       6828
       29    6.037673e+01   2.338383e+02   6.540000e-01          1       6915
       30    4.979778e+02   2.341259e+02   7.010000e-01          1       7458
       31    7.410671e+02   2.345801e+02   7.610002e-01          1       8133
       32    6.961085e+02   2.346606e+02   8.230000e-01          1       8760
       33    9.455927e+01   2.348616e+02   8.350000e-01          1       8871
       34    8.290368e+01   2.349382e+02   8.450000e-01          1       8982
       35    1.191848e+02   2.350746e+02   8.789999e-01          1       9141
       36    1.224600e+02   2.351259e+02   9.050000e-01          1       9372
       37    4.231576e+02   2.353165e+02   9.850001e-01          1       9867
       38    1.630089e+02   2.354045e+02   1.035000e+00          1       9990
       39    1.548240e+02   2.354411e+02   1.081000e+00          1      10149
       40    4.749656e+01   2.354565e+02   1.090000e+00          1      10212
       41    7.773849e+01   2.354860e+02   1.136000e+00          1      10299
       42    1.488231e+02   2.354981e+02   1.154000e+00          1      10458
       43    1.006145e+02   2.355594e+02   1.163000e+00          1      10533
       44    2.489494e+02   2.356312e+02   1.192000e+00          1      10776
       45    5.000000e-01   2.356347e+02   1.221000e+00          1      10791
       46    4.121716e+02   2.356675e+02   1.284000e+00          1      11274
       47    8.959261e+01   2.356703e+02   1.291000e+00          1      11337
       48    3.324808e+02   2.357652e+02   1.338000e+00          1      11772
       49    3.787158e+02   2.358145e+02   1.371000e+00          1      12015
       50    3.239222e+02   2.358534e+02   1.424000e+00          1      12462
       51    1.863375e+02   2.358884e+02   1.446000e+00          1      12621
       52    2.936205e+02   2.359244e+02   1.489000e+00          1      12876
       53    2.352350e+02   2.359702e+02   1.542000e+00          1      13131
       54    9.142823e+01   2.359776e+02   1.580000e+00          1      13218
       55    1.154699e+02   2.360149e+02   1.607000e+00          1      13377
       56    6.979693e+01   2.360189e+02   1.622000e+00          1      13452
       57    3.422638e+02   2.360595e+02   1.680000e+00          1      13779
       58    1.695612e+02   2.360709e+02   1.697000e+00          1      13878
       59    9.400112e+01   2.360868e+02   1.715000e+00          1      13977
       60    5.589041e+01   2.360884e+02   1.725000e+00          1      14028
       61    1.476746e+02   2.361218e+02   1.759000e+00          1      14223
       62    2.312978e+02   2.361324e+02   1.788000e+00          1      14418
       63    1.722419e+02   2.361447e+02   1.809000e+00          1      14541
       64    3.598005e+02   2.361544e+02   1.865000e+00          1      14952
       65    2.854751e+02   2.361974e+02   1.937000e+00          1      15219
       66    6.735939e+02   2.362181e+02   2.038000e+00          1      15726
       67    2.500000e+00   2.362184e+02   2.066000e+00          1      15741
       68    1.258956e+00   2.362184e+02   2.082000e+00          1      15756
       69    3.254556e+02   2.362398e+02   2.179000e+00          1      16119
       70    4.876914e+02   2.362465e+02   2.301000e+00          1      16590
       71    6.450000e+01   2.362588e+02   2.349000e+00          1      16701
       72    7.593841e+01   2.362678e+02   2.393000e+00          1      16812
       73    5.710310e+02   2.362739e+02   2.510000e+00          1      17415
       74    7.550872e+02   2.363192e+02   2.712000e+00          1      18258
       75    8.000000e+00   2.363198e+02   2.720000e+00          1      18285
       76    1.290963e+02   2.363228e+02   2.779000e+00          1      18420
       77    9.936892e+00   2.363228e+02   2.821000e+00          1      18447
       78    1.455053e+02   2.363253e+02   2.850000e+00          1      18582
       79    6.900285e+02   2.363465e+02   2.975000e+00          1      19113
       80    1.224747e+02   2.363502e+02   3.008000e+00          1      19224
       81    2.197102e+01   2.363502e+02   3.023000e+00          1      19275
       82    2.465237e+02   2.363596e+02   3.076000e+00          1      19482
       83    5.000019e+01   2.363619e+02   3.112000e+00          1      19545
       84    4.358740e+01   2.363621e+02   3.125000e+00          1      19596
       85    2.353387e+02   2.363648e+02   3.206000e+00          1      19791
       86    1.180259e+02   2.363695e+02   3.270000e+00          1      19962
       87    7.799953e+01   2.363720e+02   3.292000e+00          1      20049
       88    1.094763e+02   2.363735e+02   3.318000e+00          1      20160
       89    1.345187e+02   2.363766e+02   3.381000e+00          1      20319
       90    5.539961e+02   2.363790e+02   3.536000e+00          1      20814
       91    1.449997e+01   2.363790e+02   3.565000e+00          1      20853
       92    6.146267e+01   2.363818e+02   3.595000e+00          1      20976
       93    6.700134e+01   2.363822e+02   3.636000e+00          1      21039
       94    1.280059e+02   2.363853e+02   3.687000e+00          1      21174
       95    8.146725e+01   2.363862e+02   3.730000e+00          1      21249
       96    5.345074e+02   2.363869e+02   3.888000e+00          1      21804
       97    3.040317e+02   2.363925e+02   4.017000e+00          1      22203
       98    1.490186e+02   2.363955e+02   4.090000e+00          1      22386
       99    3.847349e+01   2.363960e+02   4.105000e+00          1      22437
      100    3.255081e+02   2.363980e+02   4.194000e+00          1      22692

Terminating training
  Status         : iteration_limit
  Total time (s) : 4.194000e+00
  Total solves   : 22692
  Best bound     :  2.363980e+02
  Simulation CI  :  2.173851e+02 ± 3.940101e+01
------------------------------------------------------------------------------
------------------------------------------------------------------------------
          SDDP.jl (c) Oscar Dowson and SDDP.jl contributors, 2017-23

Problem
  Nodes           : 3
  State variables : 1
  Scenarios       : 2.70000e+01
  Existing cuts   : false
  Subproblem structure                      : (min, max)
    Variables                               : (7, 7)
    VariableRef in MOI.LessThan{Float64}    : (1, 2)
    VariableRef in MOI.GreaterThan{Float64} : (5, 5)
    AffExpr in MOI.EqualTo{Float64}         : (2, 2)
Options
  Solver          : serial mode
  Risk measure    : SDDP.Expectation()
  Sampling scheme : SDDP.InSampleMonteCarlo

Numerical stability report
  Non-zero Matrix range     [1e+00, 1e+00]
  Non-zero Objective range  [1e+00, 2e+02]
  Non-zero Bounds range     [2e+02, 2e+02]
  Non-zero RHS range        [2e+02, 2e+02]
No problems detected

 Iteration    Simulation       Bound         Time (s)    Proc. ID   # Solves
        1    2.250000e+04   2.500000e+03   5.916000e+00          1         12
        2    2.000000e+04   7.500000e+03   5.985000e+00          1         24
        3    1.625000e+04   7.916667e+03   6.127000e+00          1         36
        4    1.125000e+04   8.333333e+03   6.127000e+00          1         48
        5    5.000000e+03   8.333333e+03   6.158000e+00          1         60
        6    7.500000e+03   8.333333e+03   6.174000e+00          1         72
        7    2.000000e+04   8.333333e+03   6.174000e+00          1         84
        8    7.500000e+03   8.333333e+03   6.174000e+00          1         96
        9    1.500000e+04   8.333333e+03   6.174000e+00          1        108
       10    2.500000e+03   8.333333e+03   6.174000e+00          1        120

Terminating training
  Status         : iteration_limit
  Total time (s) : 6.174000e+00
  Total solves   : 120
  Best bound     :  8.333333e+03
  Simulation CI  :  1.275000e+04 ± 4.333723e+03
------------------------------------------------------------------------------
------------------------------------------------------------------------------
          SDDP.jl (c) Oscar Dowson and SDDP.jl contributors, 2017-23

Problem
  Nodes           : 3
  State variables : 1
  Scenarios       : 2.70000e+01
  Existing cuts   : true
  Subproblem structure                      : (min, max)
    Variables                               : (7, 7)
    VariableRef in MOI.EqualTo{Float64}     : (2, 2)
    VariableRef in MOI.LessThan{Float64}    : (1, 2)
    AffExpr in MOI.GreaterThan{Float64}     : (3, 5)
    AffExpr in MOI.EqualTo{Float64}         : (2, 2)
    VariableRef in MOI.GreaterThan{Float64} : (5, 5)
Options
  Solver          : serial mode
  Risk measure    : SDDP.Expectation()
  Sampling scheme : SDDP.InSampleMonteCarlo

Numerical stability report
  Non-zero Matrix range     [1e+00, 2e+02]
  Non-zero Objective range  [1e+00, 2e+02]
  Non-zero Bounds range     [2e+02, 2e+02]
  Non-zero RHS range        [2e+02, 2e+04]
No problems detected

 Iteration    Simulation       Bound         Time (s)    Proc. ID   # Solves
------------------------------------------------------------------------------
          SDDP.jl (c) Oscar Dowson and SDDP.jl contributors, 2017-23

Problem
  Nodes           : 3
  State variables : 1
  Scenarios       : 2.70000e+01
  Existing cuts   : false
  Subproblem structure                      : (min, max)
    Variables                               : (7, 7)
    VariableRef in MOI.LessThan{Float64}    : (1, 2)
    VariableRef in MOI.GreaterThan{Float64} : (5, 5)
    AffExpr in MOI.EqualTo{Float64}         : (2, 2)
Options
  Solver          : serial mode
  Risk measure    : SDDP.Expectation()
  Sampling scheme : SDDP.InSampleMonteCarlo

Numerical stability report
  Non-zero Matrix range     [1e+00, 1e+00]
  Non-zero Objective range  [1e+00, 2e+02]
  Non-zero Bounds range     [2e+02, 2e+02]
  Non-zero RHS range        [2e+02, 2e+02]
No problems detected

 Iteration    Simulation       Bound         Time (s)    Proc. ID   # Solves
        1    2.750000e+04   5.000000e+03   2.152000e+00          1         12
        2    2.500000e+03   8.333333e+03   2.204000e+00          1         24
        3    1.125000e+04   8.333333e+03   2.206000e+00          1         36
        4    1.250000e+04   8.333333e+03   2.228000e+00          1         48
        5    5.000000e+03   8.333333e+03   2.243000e+00          1         60
        6    7.500000e+03   8.333333e+03   2.245000e+00          1         72
        7    1.250000e+04   8.333333e+03   2.245000e+00          1         84
        8    7.500000e+03   8.333333e+03   2.275000e+00          1         96
        9    1.250000e+04   8.333333e+03   2.276000e+00          1        108
       10    1.000000e+04   8.333333e+03   2.276000e+00          1        120

Terminating training
  Status         : iteration_limit
  Total time (s) : 2.276000e+00
  Total solves   : 120
  Best bound     :  8.333333e+03
  Simulation CI  :  1.087500e+04 ± 4.196904e+03
------------------------------------------------------------------------------
------------------------------------------------------------------------------
          SDDP.jl (c) Oscar Dowson and SDDP.jl contributors, 2017-23

Problem
  Nodes           : 3
  State variables : 1
  Scenarios       : 2.70000e+01
  Existing cuts   : true
  Subproblem structure                      : (min, max)
    Variables                               : (7, 7)
    VariableRef in MOI.EqualTo{Float64}     : (2, 2)
    VariableRef in MOI.LessThan{Float64}    : (1, 2)
    AffExpr in MOI.GreaterThan{Float64}     : (2, 5)
    AffExpr in MOI.EqualTo{Float64}         : (2, 2)
    VariableRef in MOI.GreaterThan{Float64} : (5, 5)
Options
  Solver          : serial mode
  Risk measure    : SDDP.Expectation()
  Sampling scheme : SDDP.InSampleMonteCarlo

Numerical stability report
  Non-zero Matrix range     [1e+00, 2e+02]
  Non-zero Objective range  [1e+00, 2e+02]
  Non-zero Bounds range     [2e+02, 2e+02]
  Non-zero RHS range        [2e+02, 2e+04]
No problems detected

 Iteration    Simulation       Bound         Time (s)    Proc. ID   # Solves
        1    1.000000e+04   8.333333e+03   0.000000e+00          1        132
        2    1.500000e+04   8.333333e+03   2.000093e-03          1        144
        3    2.500000e+03   8.333333e+03   1.600003e-02          1        156
        4    5.000000e+03   8.333333e+03   3.299999e-02          1        168
        5    1.250000e+04   8.333333e+03   3.400016e-02          1        180
        6    2.500000e+03   8.333333e+03   4.800010e-02          1        192
        7    1.250000e+04   8.333333e+03   4.900002e-02          1        204
        8    2.000000e+04   8.333333e+03   4.999995e-02          1        216
        9    7.500000e+03   8.333333e+03   4.999995e-02          1        228
       10    2.500000e+03   8.333333e+03   4.999995e-02          1        240
       11    5.000000e+03   8.333333e+03   5.100012e-02          1        252
       12    2.500000e+03   8.333333e+03   5.100012e-02          1        264
       13    1.250000e+04   8.333333e+03   5.200005e-02          1        276
       14    1.500000e+04   8.333333e+03   5.200005e-02          1        288
       15    5.000000e+03   8.333333e+03   5.299997e-02          1        300
       16    5.000000e+03   8.333333e+03   5.299997e-02          1        312
       17    5.000000e+03   8.333333e+03   5.400014e-02          1        324
       18    1.000000e+04   8.333333e+03   5.500007e-02          1        336
       19    7.500000e+03   8.333333e+03   5.500007e-02          1        348
       20    5.000000e+03   8.333333e+03   5.599999e-02          1        360

Terminating training
  Status         : iteration_limit
  Total time (s) : 5.599999e-02
  Total solves   : 360
  Best bound     :  8.333333e+03
  Simulation CI  :  8.125000e+03 ± 2.216432e+03
------------------------------------------------------------------------------
------------------------------------------------------------------------------
          SDDP.jl (c) Oscar Dowson and SDDP.jl contributors, 2017-23

Problem
  Nodes           : 3
  State variables : 1
  Scenarios       : 2.70000e+01
  Existing cuts   : true
  Subproblem structure                      : (min, max)
    Variables                               : (7, 7)
    VariableRef in MOI.EqualTo{Float64}     : (2, 2)
    VariableRef in MOI.LessThan{Float64}    : (1, 2)
    AffExpr in MOI.GreaterThan{Float64}     : (2, 6)
    AffExpr in MOI.EqualTo{Float64}         : (2, 2)
    VariableRef in MOI.GreaterThan{Float64} : (5, 5)
Options
  Solver          : serial mode
  Risk measure    : SDDP.Expectation()
  Sampling scheme : SDDP.InSampleMonteCarlo

Numerical stability report
  Non-zero Matrix range     [1e+00, 2e+02]
  Non-zero Objective range  [1e+00, 2e+02]
  Non-zero Bounds range     [2e+02, 2e+02]
  Non-zero RHS range        [2e+02, 2e+04]
No problems detected

 Iteration    Simulation       Bound         Time (s)    Proc. ID   # Solves
        1    7.500000e+03   8.333333e+03   1.000166e-03          1        372
        2    1.500000e+04   8.333333e+03   1.000166e-03          1        384
        3    1.000000e+04   8.333333e+03   2.000093e-03          1        396
        4    7.500000e+03   8.333333e+03   3.000021e-03          1        408
        5    7.500000e+03   8.333333e+03   1.500010e-02          1        420
        6    7.500000e+03   8.333333e+03   1.600003e-02          1        432
        7    1.250000e+04   8.333333e+03   4.500008e-02          1        444
        8    7.500000e+03   8.333333e+03   4.600000e-02          1        456
        9    2.500000e+03   8.333333e+03   4.700017e-02          1        468
       10    1.000000e+04   8.333333e+03   6.100011e-02          1        480
       11    5.000000e+03   8.333333e+03   6.300020e-02          1        492
       12    1.000000e+04   8.333333e+03   7.800007e-02          1        504
       13    2.500000e+03   8.333333e+03   7.900000e-02          1        516
       14    1.500000e+04   8.333333e+03   8.100009e-02          1        528
       15    2.500000e+03   8.333333e+03   8.100009e-02          1        540
       16    2.500000e+03   8.333333e+03   8.200002e-02          1        552
       17    1.500000e+04   8.333333e+03   8.300018e-02          1        564
       18    5.000000e+03   8.333333e+03   1.080000e-01          1        576
       19    1.000000e+04   8.333333e+03   1.240001e-01          1        588
       20    7.500000e+03   8.333333e+03   1.390002e-01          1        600

Terminating training
  Status         : iteration_limit
  Total time (s) : 1.390002e-01
  Total solves   : 600
  Best bound     :  8.333333e+03
  Simulation CI  :  8.125000e+03 ± 1.808254e+03
------------------------------------------------------------------------------
------------------------------------------------------------------------------
          SDDP.jl (c) Oscar Dowson and SDDP.jl contributors, 2017-23

Problem
  Nodes           : 3
  State variables : 1
  Scenarios       : Inf
  Existing cuts   : false
  Subproblem structure                      : (min, max)
    Variables                               : (6, 6)
    VariableRef in MOI.LessThan{Float64}    : (1, 1)
    VariableRef in MOI.GreaterThan{Float64} : (5, 5)
    AffExpr in MOI.EqualTo{Float64}         : (2, 2)
Options
  Solver          : serial mode
  Risk measure    : SDDP.Expectation()
  Sampling scheme : SDDP.InSampleMonteCarlo

Numerical stability report
  Non-zero Matrix range     [1e+00, 1e+00]
  Non-zero Objective range  [1e+00, 3e+00]
  Non-zero Bounds range     [5e+00, 2e+01]
  Non-zero RHS range        [2e+00, 1e+01]
No problems detected

 Iteration    Simulation       Bound         Time (s)    Proc. ID   # Solves
        1    1.315000e+02   4.235694e+01   6.079000e+00          1        147
        2    6.350000e+02   1.282824e+02   6.188000e+00          1        618
        3    1.864052e+02   1.505785e+02   6.207000e+00          1        837
        4    2.187959e+02   1.667353e+02   6.244000e+00          1       1080
        5    1.120000e+02   1.774674e+02   6.260000e+00          1       1239
        6    1.710798e+02   1.820453e+02   6.273000e+00          1       1362
        7    7.200000e+01   1.853384e+02   6.293000e+00          1       1437
        8    5.000000e-01   1.867824e+02   6.295000e+00          1       1452
        9    2.635000e+02   1.961669e+02   6.318000e+00          1       1695
       10    4.883495e+02   2.094633e+02   6.367000e+00          1       2178
       11    1.147778e+02   2.109385e+02   6.383000e+00          1       2301
       12    1.318244e+02   2.130867e+02   6.393000e+00          1       2400
       13    3.113570e+02   2.150768e+02   6.424000e+00          1       2679
       14    1.796806e+02   2.175013e+02   6.444000e+00          1       2874
       15    6.167881e+02   2.217041e+02   6.509000e+00          1       3465
       16    5.335082e+02   2.260215e+02   6.574000e+00          1       4044
       17    5.786650e+01   2.261947e+02   6.581000e+00          1       4083
       18    3.785455e+02   2.283542e+02   6.625000e+00          1       4470
       19    4.093033e+02   2.289768e+02   6.690000e+00          1       4953
       20    6.271831e+01   2.294285e+02   6.699000e+00          1       5016
       21    3.747167e+01   2.294800e+02   6.707000e+00          1       5067
       22    8.651863e+01   2.297783e+02   6.720000e+00          1       5154
       23    1.224133e+03   2.321686e+02   6.857000e+00          1       6249
       24    3.050000e+01   2.322024e+02   6.864000e+00          1       6276
       25    7.185385e+01   2.322431e+02   6.876000e+00          1       6351
       26    1.815391e+02   2.326675e+02   6.900000e+00          1       6534
       27    9.741257e+02   2.341734e+02   7.054000e+00          1       7485
       28    8.511549e+01   2.342760e+02   7.080000e+00          1       7632
       29    2.312250e+01   2.342760e+02   7.086000e+00          1       7671
       30    1.592701e+02   2.344693e+02   7.109000e+00          1       7830
       31    1.137039e+01   2.344693e+02   7.112000e+00          1       7845
       32    8.524139e+02   2.349081e+02   7.234000e+00          1       8568
       33    1.146617e+02   2.350207e+02   7.258000e+00          1       8715
       34    8.434530e+02   2.353394e+02   7.373000e+00          1       9510
       35    1.059681e+02   2.354009e+02   7.402000e+00          1       9669
       36    6.500784e+01   2.354009e+02   7.417000e+00          1       9744
       37    1.775999e+02   2.354862e+02   7.447000e+00          1       9927
       38    1.160196e+02   2.355108e+02   7.472000e+00          1      10086
       39    2.158667e+02   2.355962e+02   7.491000e+00          1      10209
       40    5.495881e+01   2.355962e+02   7.505000e+00          1      10284
       41    5.871949e+02   2.357583e+02   7.598000e+00          1      10851
       42    1.288338e+02   2.357872e+02   7.618000e+00          1      10950
       43    1.246913e+02   2.358291e+02   7.653000e+00          1      11169
       44    5.743100e+01   2.358329e+02   7.665000e+00          1      11244
       45    7.977869e+01   2.358754e+02   7.687000e+00          1      11367
       46    1.402292e+02   2.358965e+02   7.715000e+00          1      11526
       47    2.425577e+02   2.359266e+02   7.765000e+00          1      11769
       48    1.585654e+02   2.359272e+02   7.783000e+00          1      11868
       49    5.367169e+01   2.359603e+02   7.798000e+00          1      11943
       50    7.025781e+01   2.359664e+02   7.818000e+00          1      12030
       51    5.754815e+02   2.360413e+02   7.907000e+00          1      12525
       52    1.696420e+02   2.360552e+02   7.940000e+00          1      12720
       53    3.366575e+02   2.361172e+02   8.004000e+00          1      13071
       54    5.923799e+02   2.361553e+02   8.129000e+00          1      13674
       55    4.837938e+02   2.362215e+02   8.281000e+00          1      14337
       56    1.255179e+02   2.362215e+02   8.296000e+00          1      14400
       57    8.681369e+02   2.362639e+02   8.514000e+00          1      15351
       58    1.819226e+02   2.362752e+02   8.572000e+00          1      15594
       59    9.351670e+01   2.362784e+02   8.594000e+00          1      15681
       60    7.244940e+01   2.362888e+02   8.624000e+00          1      15804
       61    1.203924e+02   2.362921e+02   8.658000e+00          1      15939
       62    1.165000e+02   2.362976e+02   8.716000e+00          1      16098
       63    5.614622e+02   2.363095e+02   8.865000e+00          1      16665
       64    1.805231e+02   2.363202e+02   8.907000e+00          1      16836
       65    1.665226e+02   2.363257e+02   8.952000e+00          1      17031
       66    7.952364e+01   2.363257e+02   8.969000e+00          1      17094
       67    3.735225e+02   2.363343e+02   9.063000e+00          1      17481
       68    7.852564e+01   2.363349e+02   9.089000e+00          1      17592
       69    1.750136e+02   2.363405e+02   9.125000e+00          1      17727
       70    1.495372e+02   2.363439e+02   9.152000e+00          1      17838
       71    5.404747e+01   2.363456e+02   9.172000e+00          1      17913
       72    6.155495e+01   2.363494e+02   9.192000e+00          1      17988
       73    3.100304e+02   2.363538e+02   9.301000e+00          1      18399
       74    1.520589e+02   2.363592e+02   9.350000e+00          1      18558
       75    2.319663e+02   2.363611e+02   9.439000e+00          1      18789
       76    3.189894e+02   2.363675e+02   9.525000e+00          1      19092
       77    2.451700e+01   2.363675e+02   9.529000e+00          1      19107
       78    1.704980e+02   2.363719e+02   9.583000e+00          1      19290
       79    3.948227e+01   2.363724e+02   9.603000e+00          1      19353
       80    2.885350e+02   2.363794e+02   9.700000e+00          1      19656
       81    2.145816e+02   2.363810e+02   9.757000e+00          1      19827
       82    1.209734e+02   2.363840e+02   9.798000e+00          1      19950
       83    1.746985e+01   2.363840e+02   9.804000e+00          1      19965
       84    1.400354e+01   2.363848e+02   9.815000e+00          1      19992
       85    9.000245e+01   2.363873e+02   9.857000e+00          1      20115
       86    8.753051e+01   2.363894e+02   9.914000e+00          1      20262
       87    1.255121e+02   2.363913e+02   9.949000e+00          1      20373
       88    3.489598e+02   2.363940e+02   1.007700e+01          1      20760
       89    6.350000e+01   2.363964e+02   1.009100e+01          1      20799
       90    6.251004e+01   2.363967e+02   1.013900e+01          1      20874
       91    6.848683e+01   2.363983e+02   1.016400e+01          1      20949
       92    1.410027e+02   2.363994e+02   1.019800e+01          1      21060
       93    3.165058e+02   2.364045e+02   1.032100e+01          1      21423
       94    1.459819e+02   2.364058e+02   1.038900e+01          1      21630
       95    1.490118e+02   2.364091e+02   1.046300e+01          1      21861
       96    2.300000e+01   2.364096e+02   1.047800e+01          1      21900
       97    2.919590e+02   2.364109e+02   1.059500e+01          1      22287
       98    2.310124e+02   2.364124e+02   1.066800e+01          1      22506
       99    9.500090e+00   2.364125e+02   1.068100e+01          1      22533
      100    3.425083e+02   2.364146e+02   1.081200e+01          1      22872

Terminating training
  Status         : iteration_limit
  Total time (s) : 1.081200e+01
  Total solves   : 22872
  Best bound     :  2.364146e+02
  Simulation CI  :  2.216639e+02 ± 4.492893e+01
------------------------------------------------------------------------------
------------------------------------------------------------------------------
          SDDP.jl (c) Oscar Dowson and SDDP.jl contributors, 2017-23

Problem
  Nodes           : 3
  State variables : 1
  Scenarios       : Inf
  Existing cuts   : false
  Subproblem structure                      : (min, max)
    Variables                               : (6, 6)
    VariableRef in MOI.LessThan{Float64}    : (1, 1)
    VariableRef in MOI.GreaterThan{Float64} : (5, 5)
    AffExpr in MOI.EqualTo{Float64}         : (2, 2)
Options
  Solver          : serial mode
  Risk measure    : SDDP.Expectation()
  Sampling scheme : SDDP.InSampleMonteCarlo

Numerical stability report
  Non-zero Matrix range     [1e+00, 1e+00]
  Non-zero Objective range  [1e+00, 3e+00]
  Non-zero Bounds range     [5e+00, 2e+01]
  Non-zero RHS range        [2e+00, 1e+01]
No problems detected

 Iteration    Simulation       Bound         Time (s)    Proc. ID   # Solves
        1    1.850000e+02   6.139220e+01   6.375000e+00          1        171
        2    7.200000e+01   6.525241e+01   6.449000e+00          1        210
        3    1.801193e+02   7.832496e+01   6.490000e+00          1        357
        4    2.500000e+00   7.950600e+01   6.494000e+00          1        372
        5    9.000000e+00   8.642139e+01   6.510000e+00          1        399
        6    3.590000e+02   1.503823e+02   6.559000e+00          1        798
        7    2.049356e+02   1.652790e+02   6.576000e+00          1        957
        8    1.950000e+01   1.673361e+02   6.579000e+00          1        972
        9    3.490000e+02   1.820076e+02   6.605000e+00          1       1239
       10    4.307173e+02   1.926476e+02   6.673000e+00          1       1626
       11    1.255000e+02   1.957956e+02   6.705000e+00          1       1713
       12    2.786264e+01   1.969784e+02   6.709000e+00          1       1740
       13    3.710809e+02   2.081521e+02   6.753000e+00          1       2151
       14    1.088480e+02   2.099695e+02   6.764000e+00          1       2238
       15    2.926638e+02   2.131608e+02   6.791000e+00          1       2469
       16    2.202453e+02   2.162447e+02   6.813000e+00          1       2664
       17    1.745113e+02   2.178470e+02   6.837000e+00          1       2859
       18    3.000000e+01   2.179581e+02   6.841000e+00          1       2886
       19    3.203421e+02   2.222096e+02   6.901000e+00          1       3189
       20    5.461274e+01   2.226168e+02   6.908000e+00          1       3252
       21    4.658420e+01   2.232414e+02   6.915000e+00          1       3291
       22    1.388717e+03   2.285557e+02   7.057000e+00          1       4638
       23    9.605994e+01   2.287503e+02   7.082000e+00          1       4725
       24    1.550919e+02   2.299752e+02   7.107000e+00          1       4944
       25    3.129987e+00   2.300197e+02   7.109000e+00          1       4959
       26    1.413039e+02   2.301288e+02   7.120000e+00          1       5046
       27    5.132431e+02   2.311714e+02   7.164000e+00          1       5433
       28    1.040724e+02   2.313784e+02   7.174000e+00          1       5508
       29    6.932997e+01   2.314168e+02   7.182000e+00          1       5571
       30    1.553308e+02   2.319067e+02   7.202000e+00          1       5742
       31    3.318267e+02   2.325890e+02   7.242000e+00          1       6093
       32    2.182175e+02   2.326515e+02   7.280000e+00          1       6264
       33    1.458046e+02   2.329611e+02   7.294000e+00          1       6375
       34    5.020539e+02   2.334860e+02   7.345000e+00          1       6834
       35    3.569636e+01   2.336292e+02   7.352000e+00          1       6885
       36    1.811239e+02   2.336996e+02   7.374000e+00          1       7068
       37    3.458955e+02   2.341799e+02   7.409000e+00          1       7371
       38    2.422945e+02   2.343075e+02   7.438000e+00          1       7602
       39    4.487779e+01   2.343244e+02   7.444000e+00          1       7653
       40    2.720236e+01   2.343619e+02   7.452000e+00          1       7692
       41    1.996807e+02   2.345904e+02   7.480000e+00          1       7911
       42    3.738157e+02   2.349052e+02   7.521000e+00          1       8262
       43    7.737242e+02   2.352130e+02   7.653000e+00          1       9285
       44    1.798205e+02   2.353550e+02   7.676000e+00          1       9456
       45    1.256576e+02   2.353959e+02   7.696000e+00          1       9615
       46    4.641585e+01   2.354293e+02   7.719000e+00          1       9666
       47    1.425364e+03   2.356438e+02   7.938000e+00          1      11013
       48    1.313304e+02   2.357079e+02   7.984000e+00          1      11172
       49    3.339502e+02   2.357612e+02   8.035000e+00          1      11511
       50    1.358162e+02   2.357793e+02   8.051000e+00          1      11622
       51    1.722434e+02   2.358262e+02   8.079000e+00          1      11793
       52    1.550000e+01   2.358297e+02   8.085000e+00          1      11832
       53    9.604240e+01   2.358318e+02   8.105000e+00          1      11967
       54    2.374520e+02   2.358611e+02   8.128000e+00          1      12138
       55    7.433721e+01   2.358705e+02   8.145000e+00          1      12249
       56    3.275001e+02   2.359129e+02   8.192000e+00          1      12564
       57    2.780102e+02   2.359762e+02   8.234000e+00          1      12843
       58    3.587772e+02   2.360014e+02   8.284000e+00          1      13158
       59    5.801914e+01   2.360144e+02   8.311000e+00          1      13197
       60    3.902109e+01   2.360231e+02   8.319000e+00          1      13236
       61    1.177495e+03   2.361711e+02   8.490000e+00          1      14343
       62    1.906032e+02   2.361855e+02   8.527000e+00          1      14574
       63    1.327950e+02   2.362011e+02   8.551000e+00          1      14733
       64    1.355086e+01   2.362011e+02   8.574000e+00          1      14760
       65    4.216308e+02   2.362371e+02   8.642000e+00          1      15159
       66    1.059967e+02   2.362455e+02   8.668000e+00          1      15282
       67    6.601494e+01   2.362535e+02   8.682000e+00          1      15357
       68    3.502591e+01   2.362561e+02   8.691000e+00          1      15408
       69    4.759828e+02   2.362844e+02   8.786000e+00          1      15903
       70    3.685002e+02   2.362944e+02   8.845000e+00          1      16206
       71    2.285128e+02   2.363101e+02   8.902000e+00          1      16485
       72    6.702841e+01   2.363147e+02   8.934000e+00          1      16608
       73    4.138247e+02   2.363309e+02   9.039000e+00          1      17043
       74    3.896737e+01   2.363369e+02   9.057000e+00          1      17106
       75    7.003335e+01   2.363375e+02   9.076000e+00          1      17181
       76    3.700071e+01   2.363379e+02   9.093000e+00          1      17244
       77    5.048488e+01   2.363450e+02   9.116000e+00          1      17331
       78    2.300000e+01   2.363457e+02   9.123000e+00          1      17358
       79    1.434998e+02   2.363459e+02   9.157000e+00          1      17493
       80    3.665858e+02   2.363584e+02   9.244000e+00          1      17844
       81    1.231138e+02   2.363604e+02   9.280000e+00          1      18015
       82    2.129925e+02   2.363667e+02   9.317000e+00          1      18198
       83    7.041682e+01   2.363689e+02   9.341000e+00          1      18309
       84    2.098130e+01   2.363695e+02   9.348000e+00          1      18336
       85    2.270008e+02   2.363726e+02   9.390000e+00          1      18543
       86    7.350856e+01   2.363755e+02   9.410000e+00          1      18618
       87    1.405069e+02   2.363766e+02   9.447000e+00          1      18717
       88    1.814919e+02   2.363816e+02   9.507000e+00          1      18912
       89    2.455494e+02   2.363833e+02   9.577000e+00          1      19143
       90    1.600083e+01   2.363859e+02   9.589000e+00          1      19182
       91    2.400710e+01   2.363859e+02   9.616000e+00          1      19209
       92    1.650097e+02   2.363894e+02   9.659000e+00          1      19368
       93    9.801359e+01   2.363903e+02   9.685000e+00          1      19479
       94    1.440055e+02   2.363903e+02   9.725000e+00          1      19566
       95    7.399923e+01   2.363928e+02   9.750000e+00          1      19653
       96    5.986067e+02   2.363960e+02   9.937000e+00          1      20316
       97    4.429828e+02   2.364016e+02   1.007700e+01          1      20787
       98    1.931385e+02   2.364034e+02   1.015600e+01          1      21042
       99    1.249839e+01   2.364034e+02   1.016300e+01          1      21057
      100    2.004989e+02   2.364054e+02   1.022400e+01          1      21252

Terminating training
  Status         : iteration_limit
  Total time (s) : 1.022400e+01
  Total solves   : 21252
  Best bound     :  2.364054e+02
  Simulation CI  :  2.135863e+02 ± 4.868866e+01
------------------------------------------------------------------------------
------------------------------------------------------------------------------
          SDDP.jl (c) Oscar Dowson and SDDP.jl contributors, 2017-23

Problem
  Nodes           : 2
  State variables : 3
  Scenarios       : 3.00000e+00
  Existing cuts   : false
  Subproblem structure                      : (min, max)
    Variables                               : (7, 19)
    VariableRef in MOI.LessThan{Float64}    : (1, 2)
    AffExpr in MOI.LessThan{Float64}        : (1, 1)
    AffExpr in MOI.GreaterThan{Float64}     : (3, 3)
    AffExpr in MOI.EqualTo{Float64}         : (3, 3)
    VariableRef in MOI.GreaterThan{Float64} : (3, 16)
Options
  Solver          : serial mode
  Risk measure    : SDDP.Expectation()
  Sampling scheme : SDDP.InSampleMonteCarlo

Numerical stability report
  Non-zero Matrix range     [1e+00, 2e+01]
  Non-zero Objective range  [1e+00, 1e+03]
  Non-zero Bounds range     [6e+03, 5e+05]
  Non-zero RHS range        [2e+02, 5e+02]
No problems detected

 Iteration    Simulation       Bound         Time (s)    Proc. ID   # Solves
        1   -9.800000e+04   4.922260e+05   5.676000e+00          1          6
        2   -7.994040e+04   1.320000e+05   5.885000e+00          1         12
        3    2.800000e+04   1.290000e+05   5.914000e+00          1         18
        4    4.840000e+04   1.268139e+05   5.916000e+00          1         24
        5    3.003659e+04   1.219636e+05   5.930000e+00          1         30
        6    1.098545e+05   1.121210e+05   5.931000e+00          1         36
        7    5.072028e+04   1.104195e+05   5.945000e+00          1         42
        8    1.047405e+05   1.095042e+05   5.946000e+00          1         48
        9    1.626819e+05   1.088611e+05   5.960000e+00          1         54
       10    1.088611e+05   1.088021e+05   5.962000e+00          1         60
       11    4.988974e+04   1.083900e+05   5.976000e+00          1         66
       12    1.093500e+05   1.083900e+05   5.978000e+00          1         72
       13    1.093500e+05   1.083900e+05   5.979000e+00          1         78
       14    1.093500e+05   1.083900e+05   5.992000e+00          1         84
       15    1.093500e+05   1.083900e+05   5.993000e+00          1         90
       16    1.670000e+05   1.083900e+05   5.995000e+00          1         96
       17    1.670000e+05   1.083900e+05   6.022000e+00          1        102
       18    4.882000e+04   1.083900e+05   6.037000e+00          1        108
       19    1.093500e+05   1.083900e+05   6.039000e+00          1        114
       20    1.670000e+05   1.083900e+05   6.041000e+00          1        120

Terminating training
  Status         : iteration_limit
  Total time (s) : 6.041000e+00
  Total solves   : 120
  Best bound     :  1.083900e+05
  Simulation CI  :  8.059072e+04 ± 3.217150e+04
------------------------------------------------------------------------------
------------------------------------------------------------------------------
          SDDP.jl (c) Oscar Dowson and SDDP.jl contributors, 2017-23

Problem
  Nodes           : 2
  State variables : 3
  Scenarios       : 3.00000e+00
  Existing cuts   : false
  Subproblem structure                      : (min, max)
    Variables                               : (7, 19)
    VariableRef in MOI.LessThan{Float64}    : (1, 2)
    AffExpr in MOI.LessThan{Float64}        : (1, 1)
    AffExpr in MOI.GreaterThan{Float64}     : (3, 3)
    AffExpr in MOI.EqualTo{Float64}         : (3, 3)
    VariableRef in MOI.GreaterThan{Float64} : (3, 16)
Options
  Solver          : serial mode
  Risk measure    : SDDP.Expectation()
  Sampling scheme : SDDP.InSampleMonteCarlo

Numerical stability report
  Non-zero Matrix range     [1e+00, 2e+01]
  Non-zero Objective range  [1e+00, 1e+03]
  Non-zero Bounds range     [6e+03, 5e+05]
  Non-zero RHS range        [2e+02, 5e+02]
No problems detected

 Iteration    Simulation       Bound         Time (s)    Proc. ID   # Solves
        1   -9.800000e+04   4.922260e+05   5.448000e+00          1          6
        2   -8.855160e+04   1.320000e+05   5.622000e+00          1         12
        3    8.000000e+03   1.290000e+05   5.624000e+00          1         18
        4    1.376000e+05   1.268139e+05   5.644000e+00          1         24
        5    8.163785e+04   1.219636e+05   5.662000e+00          1         30
        6    1.098545e+05   1.121210e+05   5.664000e+00          1         36
        7    5.072028e+04   1.104195e+05   5.664000e+00          1         42
        8    4.784940e+04   1.095042e+05   5.664000e+00          1         48
        9    1.626819e+05   1.088611e+05   5.664000e+00          1         54
       10    1.088611e+05   1.088021e+05   5.664000e+00          1         60
       11    4.988974e+04   1.083900e+05   5.683000e+00          1         66
       12    1.670000e+05   1.083900e+05   5.703000e+00          1         72
       13    1.670000e+05   1.083900e+05   5.705000e+00          1         78
       14    1.670000e+05   1.083900e+05   5.705000e+00          1         84
       15    1.670000e+05   1.083900e+05   5.726000e+00          1         90
       16    4.882000e+04   1.083900e+05   5.726000e+00          1         96
       17    4.882000e+04   1.083900e+05   5.726000e+00          1        102
       18    1.670000e+05   1.083900e+05   5.726000e+00          1        108
       19    1.670000e+05   1.083900e+05   5.726000e+00          1        114
       20    1.670000e+05   1.083900e+05   5.726000e+00          1        120

Terminating training
  Status         : iteration_limit
  Total time (s) : 5.726000e+00
  Total solves   : 120
  Best bound     :  1.083900e+05
  Simulation CI  :  9.185916e+04 ± 3.653993e+04
------------------------------------------------------------------------------
------------------------------------------------------------------------------
          SDDP.jl (c) Oscar Dowson and SDDP.jl contributors, 2017-23

Problem
  Nodes           : 3
  State variables : 1
  Scenarios       : Inf
  Existing cuts   : false
  Subproblem structure                      : (min, max)
    Variables                               : (6, 6)
    VariableRef in MOI.LessThan{Float64}    : (1, 1)
    VariableRef in MOI.GreaterThan{Float64} : (5, 5)
    AffExpr in MOI.EqualTo{Float64}         : (2, 2)
Options
  Solver          : serial mode
  Risk measure    : SDDP.Expectation()
  Sampling scheme : SDDP.InSampleMonteCarlo

Numerical stability report
  Non-zero Matrix range     [1e+00, 1e+00]
  Non-zero Objective range  [1e+00, 3e+00]
  Non-zero Bounds range     [5e+00, 2e+01]
  Non-zero RHS range        [2e+00, 1e+01]
No problems detected

 Iteration    Simulation       Bound         Time (s)    Proc. ID   # Solves
        1    4.350000e+01   4.437148e+00   5.719000e+00          1         39
        2    2.755000e+02   9.323977e+01   5.820000e+00          1        342
        3    4.846136e+01   1.087760e+02   5.827000e+00          1        405
        4    2.845000e+02   1.440100e+02   5.877000e+00          1        696
        5    2.277468e+02   1.723109e+02   5.927000e+00          1        987
        6    1.308142e+02   1.766262e+02   5.959000e+00          1       1062
        7    7.679946e+02   2.074378e+02   6.030000e+00          1       1821
        8    3.030000e+02   2.128631e+02   6.055000e+00          1       2076
        9    8.364695e+01   2.137094e+02   6.064000e+00          1       2151
       10    5.311579e+02   2.203606e+02   6.122000e+00          1       2694
       11    6.145870e+01   2.207997e+02   6.125000e+00          1       2721
       12    3.277963e+01   2.213553e+02   6.132000e+00          1       2784
       13    5.000000e-01   2.215959e+02   6.135000e+00          1       2799
       14    1.671345e+01   2.220475e+02   6.139000e+00          1       2826
       15    6.003881e+01   2.224195e+02   6.145000e+00          1       2889
       16    1.445000e+02   2.240026e+02   6.160000e+00          1       3036
       17    9.219453e+01   2.253953e+02   6.174000e+00          1       3171
       18    2.161586e+02   2.261585e+02   6.198000e+00          1       3378
       19    1.110315e+02   2.271529e+02   6.214000e+00          1       3525
       20    1.950735e+02   2.278425e+02   6.236000e+00          1       3732
       21    1.986725e+00   2.281527e+02   6.265000e+00          1       3747
       22    2.176196e+01   2.281527e+02   6.270000e+00          1       3762
       23    2.910590e+02   2.294105e+02   6.316000e+00          1       4089
       24    7.475682e+01   2.299421e+02   6.324000e+00          1       4164
       25    1.271227e+02   2.301914e+02   6.364000e+00          1       4299
       26    1.319586e+02   2.302643e+02   6.380000e+00          1       4434
       27    1.398050e+02   2.309332e+02   6.396000e+00          1       4581
       28    5.416435e+01   2.309742e+02   6.401000e+00          1       4620
       29    2.044751e+02   2.314387e+02   6.421000e+00          1       4803
       30    1.594261e+02   2.316219e+02   6.432000e+00          1       4902
       31    2.679659e+02   2.319289e+02   6.464000e+00          1       5205
       32    2.267488e+02   2.326350e+02   6.491000e+00          1       5448
       33    4.714270e+01   2.326350e+02   6.500000e+00          1       5523
       34    6.571951e+01   2.328206e+02   6.510000e+00          1       5610
       35    9.014083e+00   2.329820e+02   6.515000e+00          1       5649
       36    1.163478e+01   2.329820e+02   6.517000e+00          1       5664
       37    2.403610e+01   2.330455e+02   6.526000e+00          1       5739
       38    1.460829e+02   2.331231e+02   6.558000e+00          1       5862
       39    5.949332e+02   2.339921e+02   6.618000e+00          1       6405
       40    7.194013e+02   2.341874e+02   6.738000e+00          1       7128
       41    1.336036e+02   2.344754e+02   6.803000e+00          1       7299
       42    3.507208e+01   2.345131e+02   6.810000e+00          1       7350
       43    5.050000e+01   2.345356e+02   6.833000e+00          1       7401
       44    4.914649e+02   2.348478e+02   6.880000e+00          1       7788
       45    3.024502e+02   2.349389e+02   6.916000e+00          1       8043
       46    4.510781e+02   2.352301e+02   6.982000e+00          1       8586
       47    3.439533e+01   2.352600e+02   6.987000e+00          1       8613
       48    6.338387e+01   2.352972e+02   7.010000e+00          1       8700
       49    9.532103e+01   2.353583e+02   7.021000e+00          1       8787
       50    1.634014e+02   2.353758e+02   7.037000e+00          1       8910
       51    3.405565e+02   2.354897e+02   7.103000e+00          1       9153
       52    3.818986e+02   2.356011e+02   7.158000e+00          1       9576
       53    7.859155e+01   2.356299e+02   7.167000e+00          1       9651
       54    8.242640e+01   2.356516e+02   7.180000e+00          1       9738
       55    3.953985e+02   2.358165e+02   7.242000e+00          1      10197
       56    1.379425e+02   2.358395e+02   7.294000e+00          1      10380
       57    2.850000e+01   2.358465e+02   7.300000e+00          1      10419
       58    1.648364e+02   2.358522e+02   7.320000e+00          1      10566
       59    8.720148e+01   2.358885e+02   7.330000e+00          1      10641
       60    1.125483e+03   2.360313e+02   7.520000e+00          1      11796
       61    3.660686e+02   2.360964e+02   7.572000e+00          1      12111
       62    2.667955e+02   2.361235e+02   7.656000e+00          1      12498
       63    7.702460e+01   2.361364e+02   7.670000e+00          1      12585
       64    1.012590e+01   2.361364e+02   7.674000e+00          1      12600
       65    8.252421e+01   2.361364e+02   7.715000e+00          1      12675
       66    1.705113e+02   2.361589e+02   7.737000e+00          1      12834
       67    6.591835e+01   2.361613e+02   7.746000e+00          1      12885
       68    1.921000e+02   2.361827e+02   7.771000e+00          1      13032
       69    6.242814e+01   2.361827e+02   7.833000e+00          1      13155
       70    4.446097e+02   2.362353e+02   7.922000e+00          1      13722
       71    4.056197e+01   2.362353e+02   7.932000e+00          1      13761
       72    5.103810e+01   2.362353e+02   7.937000e+00          1      13788
       73    7.951953e+00   2.362413e+02   7.940000e+00          1      13803
       74    2.645717e+02   2.362505e+02   7.989000e+00          1      14106
       75    3.152378e+01   2.362506e+02   7.995000e+00          1      14133
       76    3.749793e+02   2.362617e+02   8.069000e+00          1      14412
       77    5.204200e+01   2.362629e+02   8.080000e+00          1      14463
       78    1.002317e+01   2.362678e+02   8.106000e+00          1      14490
       79    3.324446e+02   2.362794e+02   8.167000e+00          1      14805
       80    1.505162e+01   2.362794e+02   8.173000e+00          1      14832
       81    1.298811e+02   2.362882e+02   8.201000e+00          1      14979
       82    2.415351e+02   2.362980e+02   8.249000e+00          1      15210
       83    1.755060e+02   2.363064e+02   8.282000e+00          1      15381
       84    7.642237e+02   2.363193e+02   8.414000e+00          1      16080
       85    2.745409e+02   2.363308e+02   8.515000e+00          1      16407
       86    1.180054e+02   2.363348e+02   8.537000e+00          1      16518
       87    3.542988e+02   2.363366e+02   8.622000e+00          1      16833
       88    4.848620e+01   2.363429e+02   8.634000e+00          1      16884
       89    7.449076e+01   2.363467e+02   8.678000e+00          1      16971
       90    5.062298e+02   2.363558e+02   8.784000e+00          1      17514
       91    6.065953e+02   2.363609e+02   8.893000e+00          1      18045
       92    3.550122e+02   2.363740e+02   9.014000e+00          1      18480
       93    7.376176e+01   2.363749e+02   9.037000e+00          1      18579
       94    2.850739e+01   2.363760e+02   9.041000e+00          1      18594
       95    1.749691e+01   2.363760e+02   9.045000e+00          1      18609
       96    1.899913e+02   2.363773e+02   9.102000e+00          1      18792
       97    1.299376e+01   2.363786e+02   9.106000e+00          1      18807
       98    2.105169e+02   2.363801e+02   9.167000e+00          1      19098
       99    9.001952e+01   2.363831e+02   9.183000e+00          1      19161
      100    1.415156e+02   2.363837e+02   9.213000e+00          1      19272

Terminating training
  Status         : iteration_limit
  Total time (s) : 9.213000e+00
  Total solves   : 19272
  Best bound     :  2.363837e+02
  Simulation CI  :  1.892137e+02 ± 3.911359e+01
------------------------------------------------------------------------------
------------------------------------------------------------------------------
          SDDP.jl (c) Oscar Dowson and SDDP.jl contributors, 2017-23

Problem
  Nodes           : 3
  State variables : 1
  Scenarios       : 2.70000e+01
  Existing cuts   : false
  Subproblem structure                      : (min, max)
    Variables                               : (7, 7)
    VariableRef in MOI.LessThan{Float64}    : (1, 2)
    VariableRef in MOI.GreaterThan{Float64} : (5, 5)
    AffExpr in MOI.EqualTo{Float64}         : (2, 2)
Options
  Solver          : serial mode
  Risk measure    : SDDP.Expectation()
  Sampling scheme : SDDP.InSampleMonteCarlo

Numerical stability report
  Non-zero Matrix range     [1e+00, 1e+00]
  Non-zero Objective range  [1e+00, 2e+02]
  Non-zero Bounds range     [2e+02, 2e+02]
  Non-zero RHS range        [2e+02, 2e+02]
No problems detected

 Iteration    Simulation       Bound         Time (s)    Proc. ID   # Solves
        1    7.500000e+03   3.437500e+03   5.593000e+00          1         12
        2    4.062500e+03   7.500000e+03   5.798000e+00          1         24
        3    2.500000e+03   7.916667e+03   5.800000e+00          1         36
        4    7.500000e+03   8.333333e+03   5.801000e+00          1         48
        5    2.500000e+03   8.333333e+03   5.802000e+00          1         60
        6    1.250000e+04   8.333333e+03   5.802000e+00          1         72
        7    1.500000e+04   8.333333e+03   5.803000e+00          1         84
        8    7.500000e+03   8.333333e+03   5.803000e+00          1         96
        9    2.000000e+04   8.333333e+03   5.804000e+00          1        108
       10    2.500000e+03   8.333333e+03   5.804000e+00          1        120
       11    1.500000e+04   8.333333e+03   5.804000e+00          1        132
       12    1.250000e+04   8.333333e+03   5.805000e+00          1        144
       13    7.500000e+03   8.333333e+03   5.805000e+00          1        156
       14    7.500000e+03   8.333333e+03   5.806000e+00          1        168
       15    7.500000e+03   8.333333e+03   5.818000e+00          1        180
       16    7.500000e+03   8.333333e+03   5.819000e+00          1        192
       17    1.500000e+04   8.333333e+03   5.834000e+00          1        204
       18    2.500000e+03   8.333333e+03   5.835000e+00          1        216
       19    1.250000e+04   8.333333e+03   5.835000e+00          1        228
       20    5.000000e+03   8.333333e+03   5.836000e+00          1        240

Terminating training
  Status         : iteration_limit
  Total time (s) : 5.836000e+00
  Total solves   : 240
  Best bound     :  8.333333e+03
  Simulation CI  :  8.703125e+03 ± 2.223670e+03
------------------------------------------------------------------------------
